<?xml version="1.0" encoding="UTF-8"?>
<!-- Generated by org.testng.reporters.JUnitReportReporter -->
<testsuite hostname="LAPTOP-QMGLBV1S" failures="0" tests="2" name="DemoJenkin.DemoJenkins1" time="0.005" errors="0" timestamp="13 Feb 2022 18:29:29 GMT" skipped="0">
  <testcase classname="DemoJenkin.DemoJenkins1" name="testCase1" time="0.004"/>
  <testcase classname="DemoJenkin.DemoJenkins1" name="testCase2" time="0.001"/>
</testsuite> <!-- DemoJenkin.DemoJenkins1 -->
